-------------------------------------------------------------------------------
Test set: tests.LoginTest
-------------------------------------------------------------------------------
Tests run: 3, Failures: 2, Errors: 1, Skipped: 0, Time elapsed: 39.215 s <<< FAILURE! - in tests.LoginTest
loginWithEmptyFields(tests.LoginTest)  Time elapsed: 30.966 s  <<< ERROR!
org.openqa.selenium.NoSuchElementException: 
no such element: Unable to locate element: {"method":"xpath","selector":"//button[@class='btn btn-primary']"}
  (Session info: chrome=74.0.3729.131)
  (Driver info: chromedriver=74.0.3729.6 (255758eccf3d244491b8a1317aa76e1ce10d57e9-refs/branch-heads/3729@{#29}),platform=Windows NT 10.0.17763 x86_64) (WARNING: The server did not provide any stacktrace information)
Command duration or timeout: 1.47 seconds
For documentation on this error, please visit: http://seleniumhq.org/exceptions/no_such_element.html
Build info: version: '3.4.0', revision: 'unknown', time: 'unknown'
System info: host: 'N207', ip: '192.168.117.192', os.name: 'Windows 10', os.arch: 'amd64', os.version: '10.0', java.version: '11.0.2'
Driver info: org.openqa.selenium.chrome.ChromeDriver
Capabilities [{mobileEmulationEnabled=false, timeouts={implicit=0.0, pageLoad=300000.0, script=30000.0}, hasTouchScreen=false, platform=XP, acceptSslCerts=false, goog:chromeOptions={debuggerAddress=localhost:62631}, acceptInsecureCerts=false, webStorageEnabled=true, browserName=chrome, takesScreenshot=true, javascriptEnabled=true, setWindowRect=true, unexpectedAlertBehaviour=ignore, applicationCacheEnabled=false, rotatable=false, networkConnectionEnabled=false, chrome={chromedriverVersion=74.0.3729.6 (255758eccf3d244491b8a1317aa76e1ce10d57e9-refs/branch-heads/3729@{#29}), userDataDir=C:\Users\THIAGO~1.GOU\AppData\Local\Temp\scoped_dir18136_19261}, takesHeapSnapshot=true, pageLoadStrategy=normal, strictFileInteractability=false, databaseEnabled=false, handlesAlerts=true, version=74.0.3729.131, browserConnectionEnabled=false, proxy=Proxy(), nativeEvents=true, locationContextEnabled=true, cssSelectorsEnabled=true}]
Session ID: 61974d5dc278b56440cad7db28187691
*** Element info: {Using=xpath, value=//button[@class='btn btn-primary']}
	at tests.LoginTest.isPageReady(LoginTest.java:32)
	at tests.LoginTest.initialSetUp(LoginTest.java:25)

loginWithSuccess(tests.LoginTest)  Time elapsed: 36.084 s  <<< FAILURE!
org.junit.ComparisonFailure: expected:<...barriga.wcaquino.me/[login]> but was:<...barriga.wcaquino.me/[addConta]>
	at tests.LoginTest.isPageReady(LoginTest.java:29)
	at tests.LoginTest.initialSetUp(LoginTest.java:25)

loginWithIncorrectCredentials(tests.LoginTest)  Time elapsed: 34.168 s  <<< FAILURE!
org.junit.ComparisonFailure: expected:<...barriga.wcaquino.me/[login]> but was:<...barriga.wcaquino.me/[addConta]>
	at tests.LoginTest.isPageReady(LoginTest.java:29)
	at tests.LoginTest.initialSetUp(LoginTest.java:25)

